<?xml version="1.0" encoding="UTF-8"?>
<!-- Generated by org.testng.reporters.JUnitReportReporter -->
<testsuite hostname="LAPTOP-FPBKDM00" failures="0" tests="1" name="com.TrainerManagementSystem.testCases.TC_SignUp" time="20.493" errors="0" timestamp="2022-12-01T17:19:58 IST" skipped="0">
  <testcase classname="com.TrainerManagementSystem.testCases.TC_SignUp" name="SignUpTest" time="20.493"/>
  <system-out/>
</testsuite> <!-- com.TrainerManagementSystem.testCases.TC_SignUp -->
